04-30-2024 17:48:20 [VERBOSE] POST /api/register : {"USERNAME":"Gaurav Sane","USERID":"A10102","PASSWORD":"12345","ROLE":"Student","LOCATION":"Virar"}
04-30-2024 17:48:20 [VERBOSE] POST /register - 201  
04-30-2024 17:48:28 [VERBOSE] POST /api/register : {"USERNAME":"Gaurav Sane","USERID":"A10102","ROLE":"Student","LOCATION":"Virar"}
04-30-2024 17:48:28 [VERBOSE] POST /register - 501  
04-30-2024 17:48:28 [ERROR] Error occurred during user registration: Cannot set headers after they are sent to the client 
04-30-2024 17:51:04 [VERBOSE] POST /api/register : {"USERNAME":"Gaurav Sane","USERID":"A10102","ROLE":"Student","LOCATION":"Virar"}
04-30-2024 17:51:04 [VERBOSE] POST /register - 501  
04-30-2024 17:51:04 [VERBOSE] Error occurred during user registration: Cannot set headers after they are sent to the client 
04-30-2024 17:51:31 [VERBOSE] POST /api/register : {"USERNAME":"Gaurav Sane","USERID":"A10102","ROLE":"Student","LOCATION":"Virar"}
04-30-2024 17:51:31 [VERBOSE] POST /register - 501  
04-30-2024 17:52:15 [VERBOSE] POST /api/register : {"USERNAME":"Gaurav Sane","USERID":"A10102","ROLE":"Student","LOCATION":"Virar"}
04-30-2024 17:52:15 [VERBOSE] POST /register - 501  
04-30-2024 17:52:15 [ERROR] Error occurred during user registration: Cannot set headers after they are sent to the client 
04-30-2024 17:54:05 [VERBOSE] POST /api/register : {"USERNAME":"Gaurav Sane","USERID":"A10102","ROLE":"Student","LOCATION":"Virar"}
04-30-2024 17:54:05 [VERBOSE] POST /register - 501  
04-30-2024 17:54:05 [WARN] Error occurred during user registration: Cannot set headers after they are sent to the client 
04-30-2024 18:08:47 [VERBOSE] POST /api/register : {"USERNAME":"Gaurav Sane","USERID":"A10102","PASSWORD":"12345","ROLE":"Student","LOCATION":"Virar"}
04-30-2024 18:08:48 [VERBOSE] POST /register - 201  
{"level":"verbose","message":"POST /api/register :","metadata":{"body":{"LOCATION":"Virar","PASSWORD":"12345","ROLE":"Student","USERID":"A10102","USERNAME":"Gaurav Sane"}},"timestamp":"04-30-2024 18:09:48"}
{"level":"verbose","message":"POST /register - 201 ","metadata":{},"timestamp":"04-30-2024 18:09:48"}
{"level":"verbose","message":"POST /api/register :","metadata":{"body":{"LOCATION":"Virar","PASSWORD":"12345","ROLE":"Student","USERID":"A10102","USERNAME":"Gaurav Sane"}},"timestamp":"04-30-2024 18:11:27"}
{"level":"verbose","message":"POST /register - 201 ","metadata":{},"timestamp":"04-30-2024 18:11:27"}
04-30-2024 18:13:10 [VERBOSE] POST /api/register : {"USERNAME":"Gaurav Sane","USERID":"A10102","PASSWORD":"12345","ROLE":"Student","LOCATION":"Virar"}
04-30-2024 18:13:10 [VERBOSE] POST /register - 201  
04-30-2024 18:16:07 [VERBOSE] POST /api/register : {"USERNAME":"Gaurav Sane","USERID":"A10102","PASSWORD":"12345","ROLE":"Student","LOCATION":"Virar"}
04-30-2024 18:16:07 [VERBOSE] POST /register - 201  
04-30-2024 18:16:30 [VERBOSE] POST /api/register : {"USERNAME":"Gaurav Sane","USERID":"A10102","PASSWORD":"12345","ROLE":"Student","LOCATION":"Virar"}
04-30-2024 18:16:30 [VERBOSE] POST /register - 201  
